[2025-09-05T19:34:10.589+0000] {processor.py:157} INFO - Started process (PID=35) to work on /opt/airflow/dags/sample_pipeline.py
[2025-09-05T19:34:10.591+0000] {processor.py:829} INFO - Processing file /opt/airflow/dags/sample_pipeline.py for tasks to queue
[2025-09-05T19:34:10.593+0000] {logging_mixin.py:151} INFO - [2025-09-05T19:34:10.592+0000] {dagbag.py:539} INFO - Filling up the DagBag from /opt/airflow/dags/sample_pipeline.py
[2025-09-05T19:34:10.608+0000] {processor.py:839} INFO - DAG(s) dict_keys(['sample_data_pipeline']) retrieved from /opt/airflow/dags/sample_pipeline.py
[2025-09-05T19:34:10.711+0000] {logging_mixin.py:151} INFO - [2025-09-05T19:34:10.711+0000] {manager.py:499} INFO - Created Permission View: %s
[2025-09-05T19:34:10.715+0000] {logging_mixin.py:151} INFO - [2025-09-05T19:34:10.715+0000] {manager.py:499} INFO - Created Permission View: %s
[2025-09-05T19:34:10.717+0000] {logging_mixin.py:151} INFO - [2025-09-05T19:34:10.717+0000] {manager.py:499} INFO - Created Permission View: %s
[2025-09-05T19:34:10.717+0000] {logging_mixin.py:151} INFO - [2025-09-05T19:34:10.717+0000] {security.py:708} INFO - Not syncing DAG-level permissions for DAG 'DAG:sample_data_pipeline' as access control is unset.
[2025-09-05T19:34:10.717+0000] {logging_mixin.py:151} INFO - [2025-09-05T19:34:10.717+0000] {dag.py:2915} INFO - Sync 1 DAGs
[2025-09-05T19:34:10.722+0000] {logging_mixin.py:151} INFO - [2025-09-05T19:34:10.722+0000] {dag.py:2937} INFO - Creating ORM DAG for sample_data_pipeline
[2025-09-05T19:34:10.726+0000] {logging_mixin.py:151} INFO - [2025-09-05T19:34:10.726+0000] {dag.py:3696} INFO - Setting next_dagrun for sample_data_pipeline to 2025-09-05T18:34:10.726409+00:00, run_after=2025-09-05T19:34:10.726409+00:00
[2025-09-05T19:34:10.731+0000] {processor.py:179} INFO - Processing /opt/airflow/dags/sample_pipeline.py took 0.145 seconds
[2025-09-05T19:34:40.815+0000] {processor.py:157} INFO - Started process (PID=36) to work on /opt/airflow/dags/sample_pipeline.py
[2025-09-05T19:34:40.816+0000] {processor.py:829} INFO - Processing file /opt/airflow/dags/sample_pipeline.py for tasks to queue
[2025-09-05T19:34:40.819+0000] {logging_mixin.py:151} INFO - [2025-09-05T19:34:40.818+0000] {dagbag.py:539} INFO - Filling up the DagBag from /opt/airflow/dags/sample_pipeline.py
[2025-09-05T19:34:40.830+0000] {processor.py:839} INFO - DAG(s) dict_keys(['sample_data_pipeline']) retrieved from /opt/airflow/dags/sample_pipeline.py
[2025-09-05T19:34:40.853+0000] {logging_mixin.py:151} INFO - [2025-09-05T19:34:40.853+0000] {dag.py:2915} INFO - Sync 1 DAGs
[2025-09-05T19:34:40.867+0000] {logging_mixin.py:151} INFO - [2025-09-05T19:34:40.867+0000] {dag.py:3696} INFO - Setting next_dagrun for sample_data_pipeline to 2025-09-05T18:34:40.866829+00:00, run_after=2025-09-05T19:34:40.866829+00:00
[2025-09-05T19:34:40.875+0000] {processor.py:179} INFO - Processing /opt/airflow/dags/sample_pipeline.py took 0.063 seconds
[2025-09-05T19:35:11.039+0000] {processor.py:157} INFO - Started process (PID=37) to work on /opt/airflow/dags/sample_pipeline.py
[2025-09-05T19:35:11.040+0000] {processor.py:829} INFO - Processing file /opt/airflow/dags/sample_pipeline.py for tasks to queue
[2025-09-05T19:35:11.043+0000] {logging_mixin.py:151} INFO - [2025-09-05T19:35:11.042+0000] {dagbag.py:539} INFO - Filling up the DagBag from /opt/airflow/dags/sample_pipeline.py
[2025-09-05T19:35:11.053+0000] {processor.py:839} INFO - DAG(s) dict_keys(['sample_data_pipeline']) retrieved from /opt/airflow/dags/sample_pipeline.py
[2025-09-05T19:35:11.073+0000] {logging_mixin.py:151} INFO - [2025-09-05T19:35:11.073+0000] {dag.py:2915} INFO - Sync 1 DAGs
[2025-09-05T19:35:11.084+0000] {logging_mixin.py:151} INFO - [2025-09-05T19:35:11.084+0000] {dag.py:3696} INFO - Setting next_dagrun for sample_data_pipeline to 2025-09-05T18:35:11.084154+00:00, run_after=2025-09-05T19:35:11.084154+00:00
[2025-09-05T19:35:11.091+0000] {processor.py:179} INFO - Processing /opt/airflow/dags/sample_pipeline.py took 0.055 seconds
[2025-09-05T19:35:31.179+0000] {processor.py:157} INFO - Started process (PID=38) to work on /opt/airflow/dags/sample_pipeline.py
[2025-09-05T19:35:31.180+0000] {processor.py:829} INFO - Processing file /opt/airflow/dags/sample_pipeline.py for tasks to queue
[2025-09-05T19:35:31.183+0000] {logging_mixin.py:151} INFO - [2025-09-05T19:35:31.183+0000] {dagbag.py:539} INFO - Filling up the DagBag from /opt/airflow/dags/sample_pipeline.py
[2025-09-05T19:35:31.197+0000] {processor.py:839} INFO - DAG(s) dict_keys(['sample_data_pipeline']) retrieved from /opt/airflow/dags/sample_pipeline.py
[2025-09-05T19:35:31.221+0000] {logging_mixin.py:151} INFO - [2025-09-05T19:35:31.220+0000] {dag.py:2915} INFO - Sync 1 DAGs
[2025-09-05T19:35:31.234+0000] {logging_mixin.py:151} INFO - [2025-09-05T19:35:31.234+0000] {dag.py:3696} INFO - Setting next_dagrun for sample_data_pipeline to 2025-09-05T18:35:31.234265+00:00, run_after=2025-09-05T19:35:31.234265+00:00
[2025-09-05T19:35:31.243+0000] {processor.py:179} INFO - Processing /opt/airflow/dags/sample_pipeline.py took 0.069 seconds
[2025-09-05T19:36:01.405+0000] {processor.py:157} INFO - Started process (PID=39) to work on /opt/airflow/dags/sample_pipeline.py
[2025-09-05T19:36:01.406+0000] {processor.py:829} INFO - Processing file /opt/airflow/dags/sample_pipeline.py for tasks to queue
[2025-09-05T19:36:01.409+0000] {logging_mixin.py:151} INFO - [2025-09-05T19:36:01.408+0000] {dagbag.py:539} INFO - Filling up the DagBag from /opt/airflow/dags/sample_pipeline.py
[2025-09-05T19:36:01.423+0000] {processor.py:839} INFO - DAG(s) dict_keys(['sample_data_pipeline']) retrieved from /opt/airflow/dags/sample_pipeline.py
[2025-09-05T19:36:01.448+0000] {logging_mixin.py:151} INFO - [2025-09-05T19:36:01.448+0000] {dag.py:2915} INFO - Sync 1 DAGs
[2025-09-05T19:36:01.459+0000] {logging_mixin.py:151} INFO - [2025-09-05T19:36:01.459+0000] {dag.py:3696} INFO - Setting next_dagrun for sample_data_pipeline to 2025-09-05T18:36:01.459693+00:00, run_after=2025-09-05T19:36:01.459693+00:00
[2025-09-05T19:36:01.467+0000] {processor.py:179} INFO - Processing /opt/airflow/dags/sample_pipeline.py took 0.065 seconds
[2025-09-05T19:36:31.641+0000] {processor.py:157} INFO - Started process (PID=40) to work on /opt/airflow/dags/sample_pipeline.py
[2025-09-05T19:36:31.642+0000] {processor.py:829} INFO - Processing file /opt/airflow/dags/sample_pipeline.py for tasks to queue
[2025-09-05T19:36:31.648+0000] {logging_mixin.py:151} INFO - [2025-09-05T19:36:31.648+0000] {dagbag.py:539} INFO - Filling up the DagBag from /opt/airflow/dags/sample_pipeline.py
[2025-09-05T19:36:31.676+0000] {processor.py:839} INFO - DAG(s) dict_keys(['sample_data_pipeline']) retrieved from /opt/airflow/dags/sample_pipeline.py
[2025-09-05T19:36:31.706+0000] {logging_mixin.py:151} INFO - [2025-09-05T19:36:31.706+0000] {dag.py:2915} INFO - Sync 1 DAGs
[2025-09-05T19:36:31.734+0000] {logging_mixin.py:151} INFO - [2025-09-05T19:36:31.734+0000] {dag.py:3696} INFO - Setting next_dagrun for sample_data_pipeline to 2025-09-05T18:36:31.734225+00:00, run_after=2025-09-05T19:36:31.734225+00:00
[2025-09-05T19:36:31.748+0000] {processor.py:179} INFO - Processing /opt/airflow/dags/sample_pipeline.py took 0.113 seconds
[2025-09-05T19:37:00.820+0000] {processor.py:157} INFO - Started process (PID=41) to work on /opt/airflow/dags/sample_pipeline.py
[2025-09-05T19:37:00.822+0000] {processor.py:829} INFO - Processing file /opt/airflow/dags/sample_pipeline.py for tasks to queue
[2025-09-05T19:37:00.825+0000] {logging_mixin.py:151} INFO - [2025-09-05T19:37:00.825+0000] {dagbag.py:539} INFO - Filling up the DagBag from /opt/airflow/dags/sample_pipeline.py
[2025-09-05T19:37:00.838+0000] {processor.py:839} INFO - DAG(s) dict_keys(['sample_data_pipeline']) retrieved from /opt/airflow/dags/sample_pipeline.py
[2025-09-05T19:37:00.861+0000] {logging_mixin.py:151} INFO - [2025-09-05T19:37:00.861+0000] {dag.py:2915} INFO - Sync 1 DAGs
[2025-09-05T19:37:00.873+0000] {logging_mixin.py:151} INFO - [2025-09-05T19:37:00.873+0000] {dag.py:3696} INFO - Setting next_dagrun for sample_data_pipeline to 2025-09-05T18:37:00.873250+00:00, run_after=2025-09-05T19:37:00.873250+00:00
[2025-09-05T19:37:00.882+0000] {processor.py:179} INFO - Processing /opt/airflow/dags/sample_pipeline.py took 0.065 seconds
[2025-09-05T19:37:31.035+0000] {processor.py:157} INFO - Started process (PID=42) to work on /opt/airflow/dags/sample_pipeline.py
[2025-09-05T19:37:31.037+0000] {processor.py:829} INFO - Processing file /opt/airflow/dags/sample_pipeline.py for tasks to queue
[2025-09-05T19:37:31.040+0000] {logging_mixin.py:151} INFO - [2025-09-05T19:37:31.039+0000] {dagbag.py:539} INFO - Filling up the DagBag from /opt/airflow/dags/sample_pipeline.py
[2025-09-05T19:37:31.052+0000] {processor.py:839} INFO - DAG(s) dict_keys(['sample_data_pipeline']) retrieved from /opt/airflow/dags/sample_pipeline.py
[2025-09-05T19:37:31.068+0000] {logging_mixin.py:151} INFO - [2025-09-05T19:37:31.068+0000] {dag.py:2915} INFO - Sync 1 DAGs
[2025-09-05T19:37:31.078+0000] {logging_mixin.py:151} INFO - [2025-09-05T19:37:31.078+0000] {dag.py:3696} INFO - Setting next_dagrun for sample_data_pipeline to 2025-09-05T18:37:31.078752+00:00, run_after=2025-09-05T19:37:31.078752+00:00
[2025-09-05T19:37:31.085+0000] {processor.py:179} INFO - Processing /opt/airflow/dags/sample_pipeline.py took 0.054 seconds
[2025-09-05T19:37:56.303+0000] {processor.py:157} INFO - Started process (PID=35) to work on /opt/airflow/dags/sample_pipeline.py
[2025-09-05T19:37:56.305+0000] {processor.py:829} INFO - Processing file /opt/airflow/dags/sample_pipeline.py for tasks to queue
[2025-09-05T19:37:56.308+0000] {logging_mixin.py:151} INFO - [2025-09-05T19:37:56.307+0000] {dagbag.py:539} INFO - Filling up the DagBag from /opt/airflow/dags/sample_pipeline.py
[2025-09-05T19:37:56.318+0000] {processor.py:839} INFO - DAG(s) dict_keys(['sample_data_pipeline']) retrieved from /opt/airflow/dags/sample_pipeline.py
[2025-09-05T19:37:56.340+0000] {logging_mixin.py:151} INFO - [2025-09-05T19:37:56.340+0000] {dag.py:2915} INFO - Sync 1 DAGs
[2025-09-05T19:37:56.460+0000] {logging_mixin.py:151} INFO - [2025-09-05T19:37:56.460+0000] {dag.py:3696} INFO - Setting next_dagrun for sample_data_pipeline to 2025-09-05T18:37:56.460409+00:00, run_after=2025-09-05T19:37:56.460409+00:00
[2025-09-05T19:37:56.468+0000] {processor.py:179} INFO - Processing /opt/airflow/dags/sample_pipeline.py took 0.167 seconds
[2025-09-05T19:38:26.613+0000] {processor.py:157} INFO - Started process (PID=36) to work on /opt/airflow/dags/sample_pipeline.py
[2025-09-05T19:38:26.614+0000] {processor.py:829} INFO - Processing file /opt/airflow/dags/sample_pipeline.py for tasks to queue
[2025-09-05T19:38:26.616+0000] {logging_mixin.py:151} INFO - [2025-09-05T19:38:26.616+0000] {dagbag.py:539} INFO - Filling up the DagBag from /opt/airflow/dags/sample_pipeline.py
[2025-09-05T19:38:26.635+0000] {processor.py:839} INFO - DAG(s) dict_keys(['sample_data_pipeline']) retrieved from /opt/airflow/dags/sample_pipeline.py
[2025-09-05T19:38:26.846+0000] {logging_mixin.py:151} INFO - [2025-09-05T19:38:26.846+0000] {dag.py:2915} INFO - Sync 1 DAGs
[2025-09-05T19:38:26.855+0000] {logging_mixin.py:151} INFO - [2025-09-05T19:38:26.855+0000] {dag.py:3696} INFO - Setting next_dagrun for sample_data_pipeline to 2025-09-05T18:38:26.855569+00:00, run_after=2025-09-05T19:38:26.855569+00:00
[2025-09-05T19:38:26.863+0000] {processor.py:179} INFO - Processing /opt/airflow/dags/sample_pipeline.py took 0.254 seconds
[2025-09-05T19:38:57.078+0000] {processor.py:157} INFO - Started process (PID=37) to work on /opt/airflow/dags/sample_pipeline.py
[2025-09-05T19:38:57.081+0000] {processor.py:829} INFO - Processing file /opt/airflow/dags/sample_pipeline.py for tasks to queue
[2025-09-05T19:38:57.255+0000] {logging_mixin.py:151} INFO - [2025-09-05T19:38:57.255+0000] {dagbag.py:539} INFO - Filling up the DagBag from /opt/airflow/dags/sample_pipeline.py
[2025-09-05T19:38:57.260+0000] {processor.py:839} INFO - DAG(s) dict_keys(['sample_data_pipeline']) retrieved from /opt/airflow/dags/sample_pipeline.py
[2025-09-05T19:38:57.275+0000] {logging_mixin.py:151} INFO - [2025-09-05T19:38:57.275+0000] {dag.py:2915} INFO - Sync 1 DAGs
[2025-09-05T19:38:57.284+0000] {logging_mixin.py:151} INFO - [2025-09-05T19:38:57.284+0000] {dag.py:3696} INFO - Setting next_dagrun for sample_data_pipeline to 2025-09-05T18:38:57.284077+00:00, run_after=2025-09-05T19:38:57.284077+00:00
[2025-09-05T19:38:57.291+0000] {processor.py:179} INFO - Processing /opt/airflow/dags/sample_pipeline.py took 0.222 seconds
[2025-09-05T19:39:27.372+0000] {processor.py:157} INFO - Started process (PID=38) to work on /opt/airflow/dags/sample_pipeline.py
[2025-09-05T19:39:27.374+0000] {processor.py:829} INFO - Processing file /opt/airflow/dags/sample_pipeline.py for tasks to queue
[2025-09-05T19:39:27.384+0000] {logging_mixin.py:151} INFO - [2025-09-05T19:39:27.383+0000] {dagbag.py:539} INFO - Filling up the DagBag from /opt/airflow/dags/sample_pipeline.py
[2025-09-05T19:39:27.396+0000] {processor.py:839} INFO - DAG(s) dict_keys(['sample_data_pipeline']) retrieved from /opt/airflow/dags/sample_pipeline.py
[2025-09-05T19:39:27.426+0000] {logging_mixin.py:151} INFO - [2025-09-05T19:39:27.426+0000] {dag.py:2915} INFO - Sync 1 DAGs
[2025-09-05T19:39:27.450+0000] {logging_mixin.py:151} INFO - [2025-09-05T19:39:27.450+0000] {dag.py:3696} INFO - Setting next_dagrun for sample_data_pipeline to 2025-09-05T18:39:27.450016+00:00, run_after=2025-09-05T19:39:27.450016+00:00
[2025-09-05T19:39:27.464+0000] {processor.py:179} INFO - Processing /opt/airflow/dags/sample_pipeline.py took 0.100 seconds
[2025-09-05T19:39:57.576+0000] {processor.py:157} INFO - Started process (PID=39) to work on /opt/airflow/dags/sample_pipeline.py
[2025-09-05T19:39:57.578+0000] {processor.py:829} INFO - Processing file /opt/airflow/dags/sample_pipeline.py for tasks to queue
[2025-09-05T19:39:57.582+0000] {logging_mixin.py:151} INFO - [2025-09-05T19:39:57.581+0000] {dagbag.py:539} INFO - Filling up the DagBag from /opt/airflow/dags/sample_pipeline.py
[2025-09-05T19:39:57.593+0000] {processor.py:839} INFO - DAG(s) dict_keys(['sample_data_pipeline']) retrieved from /opt/airflow/dags/sample_pipeline.py
[2025-09-05T19:39:57.633+0000] {logging_mixin.py:151} INFO - [2025-09-05T19:39:57.632+0000] {dag.py:2915} INFO - Sync 1 DAGs
[2025-09-05T19:39:57.649+0000] {logging_mixin.py:151} INFO - [2025-09-05T19:39:57.649+0000] {dag.py:3696} INFO - Setting next_dagrun for sample_data_pipeline to 2025-09-05T19:39:27.450016+00:00, run_after=2025-09-05T20:39:27.450016+00:00
[2025-09-05T19:39:57.658+0000] {processor.py:179} INFO - Processing /opt/airflow/dags/sample_pipeline.py took 0.086 seconds
[2025-09-05T19:40:27.883+0000] {processor.py:157} INFO - Started process (PID=40) to work on /opt/airflow/dags/sample_pipeline.py
[2025-09-05T19:40:27.885+0000] {processor.py:829} INFO - Processing file /opt/airflow/dags/sample_pipeline.py for tasks to queue
[2025-09-05T19:40:27.889+0000] {logging_mixin.py:151} INFO - [2025-09-05T19:40:27.888+0000] {dagbag.py:539} INFO - Filling up the DagBag from /opt/airflow/dags/sample_pipeline.py
[2025-09-05T19:40:27.905+0000] {processor.py:839} INFO - DAG(s) dict_keys(['sample_data_pipeline']) retrieved from /opt/airflow/dags/sample_pipeline.py
[2025-09-05T19:40:27.934+0000] {logging_mixin.py:151} INFO - [2025-09-05T19:40:27.934+0000] {dag.py:2915} INFO - Sync 1 DAGs
[2025-09-05T19:40:27.960+0000] {logging_mixin.py:151} INFO - [2025-09-05T19:40:27.960+0000] {dag.py:3696} INFO - Setting next_dagrun for sample_data_pipeline to 2025-09-05T19:39:27.450016+00:00, run_after=2025-09-05T20:39:27.450016+00:00
[2025-09-05T19:40:27.970+0000] {processor.py:179} INFO - Processing /opt/airflow/dags/sample_pipeline.py took 0.092 seconds
[2025-09-05T19:40:58.088+0000] {processor.py:157} INFO - Started process (PID=41) to work on /opt/airflow/dags/sample_pipeline.py
[2025-09-05T19:40:58.089+0000] {processor.py:829} INFO - Processing file /opt/airflow/dags/sample_pipeline.py for tasks to queue
[2025-09-05T19:40:58.093+0000] {logging_mixin.py:151} INFO - [2025-09-05T19:40:58.093+0000] {dagbag.py:539} INFO - Filling up the DagBag from /opt/airflow/dags/sample_pipeline.py
[2025-09-05T19:40:58.111+0000] {processor.py:839} INFO - DAG(s) dict_keys(['sample_data_pipeline']) retrieved from /opt/airflow/dags/sample_pipeline.py
[2025-09-05T19:40:58.133+0000] {logging_mixin.py:151} INFO - [2025-09-05T19:40:58.133+0000] {dag.py:2915} INFO - Sync 1 DAGs
[2025-09-05T19:40:58.146+0000] {logging_mixin.py:151} INFO - [2025-09-05T19:40:58.146+0000] {dag.py:3696} INFO - Setting next_dagrun for sample_data_pipeline to 2025-09-05T19:39:27.450016+00:00, run_after=2025-09-05T20:39:27.450016+00:00
[2025-09-05T19:40:58.155+0000] {processor.py:179} INFO - Processing /opt/airflow/dags/sample_pipeline.py took 0.074 seconds
[2025-09-05T19:41:28.300+0000] {processor.py:157} INFO - Started process (PID=42) to work on /opt/airflow/dags/sample_pipeline.py
[2025-09-05T19:41:28.301+0000] {processor.py:829} INFO - Processing file /opt/airflow/dags/sample_pipeline.py for tasks to queue
[2025-09-05T19:41:28.304+0000] {logging_mixin.py:151} INFO - [2025-09-05T19:41:28.304+0000] {dagbag.py:539} INFO - Filling up the DagBag from /opt/airflow/dags/sample_pipeline.py
[2025-09-05T19:41:28.317+0000] {processor.py:839} INFO - DAG(s) dict_keys(['sample_data_pipeline']) retrieved from /opt/airflow/dags/sample_pipeline.py
[2025-09-05T19:41:28.337+0000] {logging_mixin.py:151} INFO - [2025-09-05T19:41:28.337+0000] {dag.py:2915} INFO - Sync 1 DAGs
[2025-09-05T19:41:28.350+0000] {logging_mixin.py:151} INFO - [2025-09-05T19:41:28.350+0000] {dag.py:3696} INFO - Setting next_dagrun for sample_data_pipeline to 2025-09-05T19:39:27.450016+00:00, run_after=2025-09-05T20:39:27.450016+00:00
[2025-09-05T19:41:28.357+0000] {processor.py:179} INFO - Processing /opt/airflow/dags/sample_pipeline.py took 0.063 seconds
[2025-09-05T19:41:58.465+0000] {processor.py:157} INFO - Started process (PID=43) to work on /opt/airflow/dags/sample_pipeline.py
[2025-09-05T19:41:58.466+0000] {processor.py:829} INFO - Processing file /opt/airflow/dags/sample_pipeline.py for tasks to queue
[2025-09-05T19:41:58.469+0000] {logging_mixin.py:151} INFO - [2025-09-05T19:41:58.469+0000] {dagbag.py:539} INFO - Filling up the DagBag from /opt/airflow/dags/sample_pipeline.py
[2025-09-05T19:41:58.482+0000] {processor.py:839} INFO - DAG(s) dict_keys(['sample_data_pipeline']) retrieved from /opt/airflow/dags/sample_pipeline.py
