[2025-09-05T19:24:08.733+0000] {manager.py:487} INFO - Processing files using up to 2 processes at a time 
[2025-09-05T19:24:08.733+0000] {manager.py:488} INFO - Process each file at most once every 30 seconds
[2025-09-05T19:24:08.734+0000] {manager.py:489} INFO - Checking for new files in /opt/airflow/dags every 300 seconds
[2025-09-05T19:24:08.734+0000] {manager.py:759} INFO - Searching for files in /opt/airflow/dags
[2025-09-05T19:24:08.734+0000] {manager.py:762} INFO - There are 0 files in /opt/airflow/dags
[2025-09-05T19:29:09.638+0000] {manager.py:759} INFO - Searching for files in /opt/airflow/dags
[2025-09-05T19:29:09.642+0000] {manager.py:762} INFO - There are 0 files in /opt/airflow/dags
[2025-09-05T19:34:10.545+0000] {manager.py:759} INFO - Searching for files in /opt/airflow/dags
[2025-09-05T19:34:10.551+0000] {manager.py:762} INFO - There are 1 files in /opt/airflow/dags
[2025-09-05T19:34:12.611+0000] {manager.py:893} INFO - 
================================================================================
DAG File Processing Stats

File Path                             PID    Runtime      # DAGs    # Errors  Last Runtime    Last Run
------------------------------------  -----  ---------  --------  ----------  --------------  -------------------
/opt/airflow/dags/sample_pipeline.py                           1           0  0.16s           2025-09-05T19:34:10
================================================================================
[2025-09-05T19:34:42.822+0000] {manager.py:893} INFO - 
================================================================================
DAG File Processing Stats

File Path                             PID    Runtime      # DAGs    # Errors  Last Runtime    Last Run
------------------------------------  -----  ---------  --------  ----------  --------------  -------------------
/opt/airflow/dags/sample_pipeline.py                           1           0  0.08s           2025-09-05T19:34:40
================================================================================
[2025-09-05T19:35:13.048+0000] {manager.py:893} INFO - 
================================================================================
DAG File Processing Stats

File Path                             PID    Runtime      # DAGs    # Errors  Last Runtime    Last Run
------------------------------------  -----  ---------  --------  ----------  --------------  -------------------
/opt/airflow/dags/sample_pipeline.py                           1           0  0.07s           2025-09-05T19:35:11
================================================================================
[2025-09-05T19:35:43.271+0000] {manager.py:893} INFO - 
================================================================================
DAG File Processing Stats

File Path                             PID    Runtime      # DAGs    # Errors  Last Runtime    Last Run
------------------------------------  -----  ---------  --------  ----------  --------------  -------------------
/opt/airflow/dags/sample_pipeline.py                           1           0  0.08s           2025-09-05T19:35:31
================================================================================
[2025-09-05T19:36:13.490+0000] {manager.py:893} INFO - 
================================================================================
DAG File Processing Stats

File Path                             PID    Runtime      # DAGs    # Errors  Last Runtime    Last Run
------------------------------------  -----  ---------  --------  ----------  --------------  -------------------
/opt/airflow/dags/sample_pipeline.py                           1           0  0.08s           2025-09-05T19:36:01
================================================================================
[2025-09-05T19:36:43.710+0000] {manager.py:893} INFO - 
================================================================================
DAG File Processing Stats

File Path                             PID    Runtime      # DAGs    # Errors  Last Runtime    Last Run
------------------------------------  -----  ---------  --------  ----------  --------------  -------------------
/opt/airflow/dags/sample_pipeline.py                           1           0  0.13s           2025-09-05T19:36:31
================================================================================
[2025-09-05T19:37:13.899+0000] {manager.py:893} INFO - 
================================================================================
DAG File Processing Stats

File Path                             PID    Runtime      # DAGs    # Errors  Last Runtime    Last Run
------------------------------------  -----  ---------  --------  ----------  --------------  -------------------
/opt/airflow/dags/sample_pipeline.py                           1           0  0.08s           2025-09-05T19:37:00
================================================================================
[2025-09-05T19:37:44.106+0000] {manager.py:893} INFO - 
================================================================================
DAG File Processing Stats

File Path                             PID    Runtime      # DAGs    # Errors  Last Runtime    Last Run
------------------------------------  -----  ---------  --------  ----------  --------------  -------------------
/opt/airflow/dags/sample_pipeline.py                           1           0  0.08s           2025-09-05T19:37:31
================================================================================
[2025-09-05T19:37:47.990+0000] {manager.py:469} INFO - Exiting gracefully upon receiving signal 15
[2025-09-05T19:37:56.257+0000] {manager.py:487} INFO - Processing files using up to 2 processes at a time 
[2025-09-05T19:37:56.257+0000] {manager.py:488} INFO - Process each file at most once every 30 seconds
[2025-09-05T19:37:56.257+0000] {manager.py:489} INFO - Checking for new files in /opt/airflow/dags every 300 seconds
[2025-09-05T19:37:56.257+0000] {manager.py:759} INFO - Searching for files in /opt/airflow/dags
[2025-09-05T19:37:56.259+0000] {manager.py:762} INFO - There are 1 files in /opt/airflow/dags
[2025-09-05T19:37:56.312+0000] {manager.py:893} INFO - 
================================================================================
DAG File Processing Stats

File Path                               PID  Runtime      # DAGs    # Errors  Last Runtime    Last Run
------------------------------------  -----  ---------  --------  ----------  --------------  ----------
/opt/airflow/dags/sample_pipeline.py     35  0.02s             0           0
================================================================================
[2025-09-05T19:38:26.472+0000] {manager.py:893} INFO - 
================================================================================
DAG File Processing Stats

File Path                             PID    Runtime      # DAGs    # Errors  Last Runtime    Last Run
------------------------------------  -----  ---------  --------  ----------  --------------  -------------------
/opt/airflow/dags/sample_pipeline.py                           1           0  0.18s           2025-09-05T19:37:56
================================================================================
[2025-09-05T19:38:56.767+0000] {manager.py:893} INFO - 
================================================================================
DAG File Processing Stats

File Path                             PID    Runtime      # DAGs    # Errors  Last Runtime    Last Run
------------------------------------  -----  ---------  --------  ----------  --------------  -------------------
/opt/airflow/dags/sample_pipeline.py                           1           0  0.27s           2025-09-05T19:38:26
================================================================================
[2025-09-05T19:39:27.360+0000] {manager.py:893} INFO - 
================================================================================
DAG File Processing Stats

File Path                               PID  Runtime      # DAGs    # Errors  Last Runtime    Last Run
------------------------------------  -----  ---------  --------  ----------  --------------  -------------------
/opt/airflow/dags/sample_pipeline.py     38  0.01s             1           0  0.25s           2025-09-05T19:38:57
================================================================================
[2025-09-05T19:39:57.569+0000] {manager.py:893} INFO - 
================================================================================
DAG File Processing Stats

File Path                               PID  Runtime      # DAGs    # Errors  Last Runtime    Last Run
------------------------------------  -----  ---------  --------  ----------  --------------  -------------------
/opt/airflow/dags/sample_pipeline.py     39  0.00s             1           0  0.11s           2025-09-05T19:39:27
================================================================================
[2025-09-05T19:40:27.870+0000] {manager.py:893} INFO - 
================================================================================
DAG File Processing Stats

File Path                               PID  Runtime      # DAGs    # Errors  Last Runtime    Last Run
------------------------------------  -----  ---------  --------  ----------  --------------  -------------------
/opt/airflow/dags/sample_pipeline.py     40  0.01s             1           0  0.10s           2025-09-05T19:39:57
================================================================================
[2025-09-05T19:40:58.076+0000] {manager.py:893} INFO - 
================================================================================
DAG File Processing Stats

File Path                               PID  Runtime      # DAGs    # Errors  Last Runtime    Last Run
------------------------------------  -----  ---------  --------  ----------  --------------  -------------------
/opt/airflow/dags/sample_pipeline.py     41  0.01s             1           0  0.12s           2025-09-05T19:40:27
================================================================================
[2025-09-05T19:41:28.287+0000] {manager.py:893} INFO - 
================================================================================
DAG File Processing Stats

File Path                               PID  Runtime      # DAGs    # Errors  Last Runtime    Last Run
------------------------------------  -----  ---------  --------  ----------  --------------  -------------------
/opt/airflow/dags/sample_pipeline.py     42  0.01s             1           0  0.09s           2025-09-05T19:40:58
================================================================================
[2025-09-05T19:41:58.457+0000] {manager.py:893} INFO - 
================================================================================
DAG File Processing Stats

File Path                               PID  Runtime      # DAGs    # Errors  Last Runtime    Last Run
------------------------------------  -----  ---------  --------  ----------  --------------  -------------------
/opt/airflow/dags/sample_pipeline.py     43  0.01s             1           0  0.09s           2025-09-05T19:41:28
================================================================================
